TN:
SF:C:\Users\teja\Desktop\playground-basic-test-app-master\src\polyfills.ts
FNF:0
FNH:0
LF:0
LH:0
BRF:0
BRH:0
end_of_record
TN:
SF:C:\Users\teja\Desktop\playground-basic-test-app-master\src\test.ts
FNF:0
FNH:0
DA:18,1
DA:23,1
DA:25,1
LF:3
LH:3
BRF:0
BRH:0
end_of_record
TN:
SF:C:\Users\teja\Desktop\playground-basic-test-app-master\src\app\app.component.ts
FN:13,(anonymous_0)
FN:17,(anonymous_1)
FN:24,(anonymous_2)
FNF:3
FNH:1
FNDA:3,(anonymous_0)
FNDA:0,(anonymous_1)
FNDA:0,(anonymous_2)
DA:10,1
DA:11,3
DA:14,3
DA:25,0
LF:4
LH:3
BRF:0
BRH:0
end_of_record
TN:
SF:C:\Users\teja\Desktop\playground-basic-test-app-master\src\app\layout\header\header.component.ts
FN:10,(anonymous_0)
FN:12,(anonymous_1)
FNF:2
FNH:2
FNDA:1,(anonymous_0)
FNDA:1,(anonymous_1)
DA:8,1
LF:1
LH:1
BRF:0
BRH:0
end_of_record
TN:
SF:C:\Users\teja\Desktop\playground-basic-test-app-master\src\app\questionnaire\dynamic-form\dynamic-form.component.ts
FN:19,(anonymous_0)
FN:21,(anonymous_1)
FN:27,(anonymous_2)
FN:31,(anonymous_3)
FN:33,(anonymous_4)
FN:41,(anonymous_5)
FNF:6
FNH:6
FNDA:3,(anonymous_0)
FNDA:2,(anonymous_1)
FNDA:3,(anonymous_2)
FNDA:1,(anonymous_3)
FNDA:3,(anonymous_4)
FNDA:6,(anonymous_5)
DA:10,1
DA:12,3
DA:13,3
DA:19,3
DA:22,2
DA:23,2
DA:32,1
DA:33,1
DA:34,3
DA:35,1
DA:36,7
DA:37,1
DA:41,2
DA:42,6
DA:43,42
DA:44,6
DA:51,1
DA:60,1
LF:18
LH:18
BRDA:22,0,0,2
BRDA:22,0,1,0
BRDA:34,1,0,1
BRDA:34,1,1,2
BRDA:36,2,0,1
BRDA:36,2,1,6
BRDA:43,3,0,6
BRDA:43,3,1,36
BRF:8
BRH:7
end_of_record
TN:
SF:C:\Users\teja\Desktop\playground-basic-test-app-master\src\app\questionnaire\question\question.component.ts
FN:16,(anonymous_0)
FN:18,(anonymous_1)
FNF:2
FNH:2
FNDA:1,(anonymous_0)
FNDA:1,(anonymous_1)
DA:9,1
DA:11,1
DA:12,1
DA:19,1
DA:20,1
LF:5
LH:5
BRF:0
BRH:0
end_of_record
TN:
SF:C:\Users\teja\Desktop\playground-basic-test-app-master\src\app\questionnaire\questionnaire\questionnaire.component.ts
FN:14,(anonymous_0)
FN:18,(anonymous_1)
FN:22,(anonymous_2)
FNF:3
FNH:3
FNDA:3,(anonymous_0)
FNDA:4,(anonymous_1)
FNDA:1,(anonymous_2)
DA:10,1
DA:12,3
DA:15,3
DA:19,4
DA:23,1
DA:24,1
LF:6
LH:6
BRF:0
BRH:0
end_of_record
TN:
SF:C:\Users\teja\Desktop\playground-basic-test-app-master\src\app\questionnaire\response\response.component.ts
FN:12,(anonymous_0)
FN:14,(anonymous_1)
FNF:2
FNH:2
FNDA:1,(anonymous_0)
FNDA:1,(anonymous_1)
DA:8,1
DA:10,1
LF:2
LH:2
BRF:0
BRH:0
end_of_record
TN:
SF:C:\Users\teja\Desktop\playground-basic-test-app-master\src\app\services\api-service.service.ts
FN:10,(anonymous_0)
FN:14,(anonymous_1)
FN:19,(anonymous_2)
FN:24,(anonymous_3)
FNF:4
FNH:4
FNDA:9,(anonymous_0)
FNDA:1,(anonymous_1)
FNDA:5,(anonymous_2)
FNDA:6,(anonymous_3)
DA:8,1
DA:11,9
DA:15,1
DA:20,5
DA:25,6
DA:28,6
LF:6
LH:6
BRF:0
BRH:0
end_of_record
TN:
SF:C:\Users\teja\Desktop\playground-basic-test-app-master\src\app\services\question-control.service.ts
FN:9,(anonymous_0)
FN:11,(anonymous_1)
FN:13,(anonymous_2)
FN:18,(anonymous_3)
FNF:4
FNH:4
FNDA:5,(anonymous_0)
FNDA:3,(anonymous_1)
FNDA:6,(anonymous_2)
FNDA:12,(anonymous_3)
DA:8,1
DA:12,3
DA:13,3
DA:14,6
DA:15,2
DA:18,4
DA:19,12
DA:24,3
LF:8
LH:8
BRDA:14,0,0,2
BRDA:14,0,1,4
BRDA:15,1,0,2
BRDA:15,1,1,0
BRDA:19,2,0,4
BRDA:19,2,1,8
BRF:6
BRH:5
end_of_record
TN:
SF:C:\Users\teja\Desktop\playground-basic-test-app-master\src\environments\environment.ts
FNF:0
FNH:0
DA:5,1
LF:1
LH:1
BRF:0
BRH:0
end_of_record
