TN:
SF:C:\Users\teja\Desktop\playground-senior-test\src\polyfills.ts
FNF:0
FNH:0
LF:0
LH:0
BRF:0
BRH:0
end_of_record
TN:
SF:C:\Users\teja\Desktop\playground-senior-test\src\test.ts
FNF:0
FNH:0
DA:18,1
DA:23,1
DA:25,1
LF:3
LH:3
BRF:0
BRH:0
end_of_record
TN:
SF:C:\Users\teja\Desktop\playground-senior-test\src\app\app.component.ts
FN:13,(anonymous_0)
FN:17,(anonymous_1)
FN:24,(anonymous_2)
FNF:3
FNH:3
FNDA:4,(anonymous_0)
FNDA:1,(anonymous_1)
FNDA:1,(anonymous_2)
DA:10,1
DA:11,4
DA:14,4
DA:25,1
LF:4
LH:4
BRF:0
BRH:0
end_of_record
TN:
SF:C:\Users\teja\Desktop\playground-senior-test\src\app\layout\header\header.component.ts
FN:10,(anonymous_0)
FN:12,(anonymous_1)
FNF:2
FNH:2
FNDA:1,(anonymous_0)
FNDA:1,(anonymous_1)
DA:8,1
LF:1
LH:1
BRF:0
BRH:0
end_of_record
TN:
SF:C:\Users\teja\Desktop\playground-senior-test\src\app\questionnaire\dynamic-form\dynamic-form.component.ts
FN:22,(anonymous_0)
FN:24,(anonymous_1)
FN:30,(anonymous_2)
FN:33,(anonymous_3)
FN:38,(anonymous_4)
FN:46,(anonymous_5)
FNF:6
FNH:6
FNDA:4,(anonymous_0)
FNDA:3,(anonymous_1)
FNDA:4,(anonymous_2)
FNDA:2,(anonymous_3)
FNDA:3,(anonymous_4)
FNDA:6,(anonymous_5)
DA:13,1
DA:15,4
DA:16,1
DA:22,4
DA:25,3
DA:26,2
DA:34,2
DA:35,2
DA:36,2
DA:37,1
DA:38,1
DA:39,3
DA:40,1
DA:41,7
DA:42,1
DA:46,2
DA:47,6
DA:48,42
DA:49,6
DA:56,1
DA:65,1
DA:66,1
DA:68,1
LF:23
LH:23
BRDA:25,0,0,2
BRDA:25,0,1,1
BRDA:36,1,0,1
BRDA:36,1,1,1
BRDA:39,2,0,1
BRDA:39,2,1,2
BRDA:41,3,0,1
BRDA:41,3,1,6
BRDA:48,4,0,6
BRDA:48,4,1,36
BRF:10
BRH:10
end_of_record
TN:
SF:C:\Users\teja\Desktop\playground-senior-test\src\app\questionnaire\question\question.component.ts
FN:16,(anonymous_0)
FN:18,(anonymous_1)
FN:22,(anonymous_2)
FNF:3
FNH:3
FNDA:4,(anonymous_0)
FNDA:4,(anonymous_1)
FNDA:3,(anonymous_2)
DA:10,1
DA:12,1
DA:13,1
DA:14,4
DA:23,3
DA:24,3
DA:25,3
DA:26,3
DA:29,3
DA:30,1
DA:32,2
DA:34,3
DA:35,2
DA:37,1
DA:40,3
LF:15
LH:15
BRDA:29,0,0,1
BRDA:29,0,1,2
BRDA:34,1,0,2
BRDA:34,1,1,1
BRF:4
BRH:4
end_of_record
TN:
SF:C:\Users\teja\Desktop\playground-senior-test\src\app\questionnaire\questionnaire\questionnaire.component.ts
FN:16,(anonymous_0)
FN:20,(anonymous_1)
FN:24,(anonymous_2)
FN:27,(anonymous_3)
FNF:4
FNH:4
FNDA:3,(anonymous_0)
FNDA:4,(anonymous_1)
FNDA:1,(anonymous_2)
FNDA:1,(anonymous_3)
DA:12,1
DA:14,3
DA:17,3
DA:21,4
DA:25,1
DA:26,1
DA:27,1
DA:28,1
LF:8
LH:8
BRF:0
BRH:0
end_of_record
TN:
SF:C:\Users\teja\Desktop\playground-senior-test\src\app\questionnaire\response\response.component.ts
FN:13,(anonymous_0)
FN:15,(anonymous_1)
FNF:2
FNH:2
FNDA:1,(anonymous_0)
FNDA:1,(anonymous_1)
DA:9,1
DA:11,1
LF:2
LH:2
BRF:0
BRH:0
end_of_record
TN:
SF:C:\Users\teja\Desktop\playground-senior-test\src\app\services\api-service.service.ts
FN:10,(anonymous_0)
FN:14,(anonymous_1)
FN:19,(anonymous_2)
FN:24,(anonymous_3)
FNF:4
FNH:4
FNDA:10,(anonymous_0)
FNDA:1,(anonymous_1)
FNDA:5,(anonymous_2)
FNDA:6,(anonymous_3)
DA:8,1
DA:11,10
DA:15,1
DA:20,5
DA:25,6
DA:28,6
LF:6
LH:6
BRF:0
BRH:0
end_of_record
TN:
SF:C:\Users\teja\Desktop\playground-senior-test\src\app\services\question-control.service.ts
FN:9,(anonymous_0)
FN:11,(anonymous_1)
FN:13,(anonymous_2)
FN:18,(anonymous_3)
FNF:4
FNH:4
FNDA:6,(anonymous_0)
FNDA:3,(anonymous_1)
FNDA:9,(anonymous_2)
FNDA:18,(anonymous_3)
DA:8,1
DA:12,3
DA:13,3
DA:14,9
DA:15,3
DA:18,6
DA:19,18
DA:24,3
LF:8
LH:8
BRDA:14,0,0,3
BRDA:14,0,1,6
BRDA:15,1,0,0
BRDA:15,1,1,3
BRDA:19,2,0,3
BRDA:19,2,1,15
BRF:6
BRH:5
end_of_record
TN:
SF:C:\Users\teja\Desktop\playground-senior-test\src\environments\environment.ts
FNF:0
FNH:0
DA:5,1
LF:1
LH:1
BRF:0
BRH:0
end_of_record
